<?xml version="1.0" encoding="UTF-8"?>
<testng-results ignored="0" total="1" passed="1" failed="0" skipped="0">
  <reporter-output>
  </reporter-output>
  <suite started-at="2024-05-01T16:26:02 IST" name="Default suite" finished-at="2024-05-01T16:26:26 IST" duration-ms="24379">
    <groups>
    </groups>
    <test started-at="2024-05-01T16:26:02 IST" name="Default test" finished-at="2024-05-01T16:26:26 IST" duration-ms="24379">
      <class name="com.bestbuy.test.LoginInvalidTest">
        <test-method is-config="true" signature="startReport()[pri:0, instance:com.bestbuy.test.LoginInvalidTest@7bba5817]" started-at="2024-05-01T16:26:01 IST" name="startReport" finished-at="2024-05-01T16:26:02 IST" duration-ms="190" status="PASS">
          <reporter-output>
          </reporter-output>
        </test-method> <!-- startReport -->
        <test-method is-config="true" signature="testDetails()[pri:0, instance:com.bestbuy.test.LoginInvalidTest@7bba5817]" started-at="2024-05-01T16:26:02 IST" name="testDetails" finished-at="2024-05-01T16:26:02 IST" duration-ms="1" status="PASS">
          <reporter-output>
          </reporter-output>
        </test-method> <!-- testDetails -->
        <test-method is-config="true" signature="detail()[pri:0, instance:com.bestbuy.test.LoginInvalidTest@7bba5817]" started-at="2024-05-01T16:26:02 IST" name="detail" finished-at="2024-05-01T16:26:02 IST" duration-ms="5" status="PASS">
          <reporter-output>
          </reporter-output>
        </test-method> <!-- detail -->
        <test-method is-config="true" signature="setup()[pri:0, instance:com.bestbuy.test.LoginInvalidTest@7bba5817]" started-at="2024-05-01T16:26:02 IST" name="setup" finished-at="2024-05-01T16:26:08 IST" duration-ms="6082" status="PASS">
          <reporter-output>
          </reporter-output>
        </test-method> <!-- setup -->
        <test-method signature="TC010_accountLoginwithInvalidCredentials()[pri:0, instance:com.bestbuy.test.LoginInvalidTest@7bba5817]" started-at="2024-05-01T16:26:08 IST" name="TC010_accountLoginwithInvalidCredentials" finished-at="2024-05-01T16:26:25 IST" duration-ms="17655" status="PASS">
          <reporter-output>
          </reporter-output>
        </test-method> <!-- TC010_accountLoginwithInvalidCredentials -->
        <test-method is-config="true" signature="tearDown()[pri:0, instance:com.bestbuy.test.LoginInvalidTest@7bba5817]" started-at="2024-05-01T16:26:25 IST" name="tearDown" finished-at="2024-05-01T16:26:26 IST" duration-ms="596" status="PASS">
          <reporter-output>
          </reporter-output>
        </test-method> <!-- tearDown -->
        <test-method is-config="true" signature="endReport()[pri:0, instance:com.bestbuy.test.LoginInvalidTest@7bba5817]" started-at="2024-05-01T16:26:26 IST" name="endReport" finished-at="2024-05-01T16:26:26 IST" duration-ms="348" status="PASS">
          <reporter-output>
          </reporter-output>
        </test-method> <!-- endReport -->
      </class> <!-- com.bestbuy.test.LoginInvalidTest -->
    </test> <!-- Default test -->
  </suite> <!-- Default suite -->
</testng-results>
